C:\Program Files\Microsoft Visual Studio\2022\Community\MSBuild\Microsoft\VC\v170\Microsoft.CppBuild.targets(531,5): warning MSB8028: The intermediate directory (x64\Release\) contains files shared from another project (SLeng.vcxproj).  This can lead to incorrect clean and rebuild behavior.
  bob-omb.cpp
C:\Users\qduke\source\repos\SkyEngine\SkyEngine\Model.h(217,43): warning C4018: '<': signed/unsigned mismatch
C:\Users\qduke\source\repos\SkyEngine\SkyEngine\Light.h(73,78): warning C4305: 'initializing': truncation from 'double' to 'float'
  enemy.cpp
C:\Users\qduke\source\repos\SkyEngine\SkyEngine\Model.h(217,43): warning C4018: '<': signed/unsigned mismatch
C:\Users\qduke\source\repos\SkyEngine\SkyEngine\Light.h(73,78): warning C4305: 'initializing': truncation from 'double' to 'float'
  GameObject.cpp
C:\Users\qduke\source\repos\SkyEngine\SkyEngine\Model.h(217,43): warning C4018: '<': signed/unsigned mismatch
C:\Users\qduke\source\repos\SkyEngine\SkyEngine\Light.h(73,78): warning C4305: 'initializing': truncation from 'double' to 'float'
C:\Users\qduke\source\repos\SkyEngine\SkyEngine\src\Scene\Animation\Bone.h(47,20): warning C4244: 'initializing': conversion from 'double' to 'float', possible loss of data
C:\Users\qduke\source\repos\SkyEngine\SkyEngine\src\Scene\Animation\Bone.h(58,20): warning C4244: 'initializing': conversion from 'double' to 'float', possible loss of data
C:\Users\qduke\source\repos\SkyEngine\SkyEngine\src\Scene\Animation\Bone.h(69,20): warning C4244: 'initializing': conversion from 'double' to 'float', possible loss of data
C:\Users\qduke\source\repos\SkyEngine\SkyEngine\src\Scene\Animation\Animation.h(35,25): warning C4244: '=': conversion from 'double' to 'float', possible loss of data
C:\Users\qduke\source\repos\SkyEngine\SkyEngine\src\Scene\Animation\Animation.h(36,31): warning C4244: '=': conversion from 'double' to 'int', possible loss of data
C:\Users\qduke\source\repos\SkyEngine\SkyEngine\src\Scene\Animation\Animation.h(60,44): warning C4244: 'return': conversion from 'int' to 'float', possible loss of data
C:\Users\qduke\source\repos\SkyEngine\SkyEngine\src\Scene\Animation\Animation.h(102,21): warning C4018: '<': signed/unsigned mismatch
C:\Users\qduke\source\repos\SkyEngine\SkyEngine\GameObject.cpp(190,70): warning C4305: 'argument': truncation from 'double' to 'float'
  goomba.cpp
C:\Users\qduke\source\repos\SkyEngine\SkyEngine\Model.h(217,43): warning C4018: '<': signed/unsigned mismatch
C:\Users\qduke\source\repos\SkyEngine\SkyEngine\Light.h(73,78): warning C4305: 'initializing': truncation from 'double' to 'float'
  BaseShape.cpp
C:\Users\qduke\source\repos\SkyEngine\SkyEngine\Model.h(217,43): warning C4018: '<': signed/unsigned mismatch
C:\Users\qduke\source\repos\SkyEngine\SkyEngine\Light.h(73,78): warning C4305: 'initializing': truncation from 'double' to 'float'
C:\Users\qduke\source\repos\SkyEngine\SkyEngine\src\Scene\Animation\Bone.h(47,20): warning C4244: 'initializing': conversion from 'double' to 'float', possible loss of data
C:\Users\qduke\source\repos\SkyEngine\SkyEngine\src\Scene\Animation\Bone.h(58,20): warning C4244: 'initializing': conversion from 'double' to 'float', possible loss of data
C:\Users\qduke\source\repos\SkyEngine\SkyEngine\src\Scene\Animation\Bone.h(69,20): warning C4244: 'initializing': conversion from 'double' to 'float', possible loss of data
C:\Users\qduke\source\repos\SkyEngine\SkyEngine\src\Scene\Animation\Animation.h(35,25): warning C4244: '=': conversion from 'double' to 'float', possible loss of data
C:\Users\qduke\source\repos\SkyEngine\SkyEngine\src\Scene\Animation\Animation.h(36,31): warning C4244: '=': conversion from 'double' to 'int', possible loss of data
C:\Users\qduke\source\repos\SkyEngine\SkyEngine\src\Scene\Animation\Animation.h(60,44): warning C4244: 'return': conversion from 'int' to 'float', possible loss of data
C:\Users\qduke\source\repos\SkyEngine\SkyEngine\src\Scene\Animation\Animation.h(102,21): warning C4018: '<': signed/unsigned mismatch
C:\Users\qduke\source\repos\SkyEngine\SkyEngine\BaseShape.cpp(117,71): warning C4305: 'argument': truncation from 'double' to 'float'
  blocks.cpp
C:\Users\qduke\source\repos\SkyEngine\SkyEngine\Model.h(217,43): warning C4018: '<': signed/unsigned mismatch
C:\Users\qduke\source\repos\SkyEngine\SkyEngine\Light.h(73,78): warning C4305: 'initializing': truncation from 'double' to 'float'
C:\Users\qduke\source\repos\SkyEngine\SkyEngine\src\Scene\Animation\Bone.h(47,20): warning C4244: 'initializing': conversion from 'double' to 'float', possible loss of data
C:\Users\qduke\source\repos\SkyEngine\SkyEngine\src\Scene\Animation\Bone.h(58,20): warning C4244: 'initializing': conversion from 'double' to 'float', possible loss of data
C:\Users\qduke\source\repos\SkyEngine\SkyEngine\src\Scene\Animation\Bone.h(69,20): warning C4244: 'initializing': conversion from 'double' to 'float', possible loss of data
C:\Users\qduke\source\repos\SkyEngine\SkyEngine\src\Scene\Animation\Animation.h(35,25): warning C4244: '=': conversion from 'double' to 'float', possible loss of data
C:\Users\qduke\source\repos\SkyEngine\SkyEngine\src\Scene\Animation\Animation.h(36,31): warning C4244: '=': conversion from 'double' to 'int', possible loss of data
C:\Users\qduke\source\repos\SkyEngine\SkyEngine\src\Scene\Animation\Animation.h(60,44): warning C4244: 'return': conversion from 'int' to 'float', possible loss of data
C:\Users\qduke\source\repos\SkyEngine\SkyEngine\src\Scene\Animation\Animation.h(102,21): warning C4018: '<': signed/unsigned mismatch
  Light.cpp
C:\Users\qduke\source\repos\SkyEngine\SkyEngine\Model.h(217,43): warning C4018: '<': signed/unsigned mismatch
C:\Users\qduke\source\repos\SkyEngine\SkyEngine\Light.h(73,78): warning C4305: 'initializing': truncation from 'double' to 'float'
  lvl.cpp
C:\Users\qduke\source\repos\SkyEngine\SkyEngine\Model.h(217,43): warning C4018: '<': signed/unsigned mismatch
C:\Users\qduke\source\repos\SkyEngine\SkyEngine\Light.h(73,78): warning C4305: 'initializing': truncation from 'double' to 'float'
  player.cpp
C:\Users\qduke\source\repos\SkyEngine\SkyEngine\Model.h(217,43): warning C4018: '<': signed/unsigned mismatch
C:\Users\qduke\source\repos\SkyEngine\SkyEngine\Light.h(73,78): warning C4305: 'initializing': truncation from 'double' to 'float'
C:\Users\qduke\source\repos\SkyEngine\SkyEngine\src\Scene\Animation\Bone.h(47,20): warning C4244: 'initializing': conversion from 'double' to 'float', possible loss of data
C:\Users\qduke\source\repos\SkyEngine\SkyEngine\src\Scene\Animation\Bone.h(58,20): warning C4244: 'initializing': conversion from 'double' to 'float', possible loss of data
C:\Users\qduke\source\repos\SkyEngine\SkyEngine\src\Scene\Animation\Bone.h(69,20): warning C4244: 'initializing': conversion from 'double' to 'float', possible loss of data
C:\Users\qduke\source\repos\SkyEngine\SkyEngine\src\Scene\Animation\Animation.h(35,25): warning C4244: '=': conversion from 'double' to 'float', possible loss of data
C:\Users\qduke\source\repos\SkyEngine\SkyEngine\src\Scene\Animation\Animation.h(36,31): warning C4244: '=': conversion from 'double' to 'int', possible loss of data
C:\Users\qduke\source\repos\SkyEngine\SkyEngine\src\Scene\Animation\Animation.h(60,44): warning C4244: 'return': conversion from 'int' to 'float', possible loss of data
C:\Users\qduke\source\repos\SkyEngine\SkyEngine\src\Scene\Animation\Animation.h(102,21): warning C4018: '<': signed/unsigned mismatch
  Box.cpp
  Capsule.cpp
  CompoundShape.cpp
  Cone.cpp
  ConvexHull.cpp
  ConvexPointCloud.cpp
  Cylinder.cpp
  HeightField.cpp
  MultiSphere.cpp
  Plane.cpp
  SoftBody.cpp
  Compiling...
  Sphere.cpp
  TriangleMesh.cpp
  Engine.cpp
C:\Users\qduke\source\repos\SkyEngine\SkyEngine\Model.h(217,43): warning C4018: '<': signed/unsigned mismatch
C:\Users\qduke\source\repos\SkyEngine\SkyEngine\Light.h(73,78): warning C4305: 'initializing': truncation from 'double' to 'float'
C:\Users\qduke\source\repos\SkyEngine\SkyEngine\src\Scene\Animation\Bone.h(47,20): warning C4244: 'initializing': conversion from 'double' to 'float', possible loss of data
C:\Users\qduke\source\repos\SkyEngine\SkyEngine\src\Scene\Animation\Bone.h(58,20): warning C4244: 'initializing': conversion from 'double' to 'float', possible loss of data
C:\Users\qduke\source\repos\SkyEngine\SkyEngine\src\Scene\Animation\Bone.h(69,20): warning C4244: 'initializing': conversion from 'double' to 'float', possible loss of data
C:\Users\qduke\source\repos\SkyEngine\SkyEngine\src\Scene\Animation\Animation.h(35,25): warning C4244: '=': conversion from 'double' to 'float', possible loss of data
C:\Users\qduke\source\repos\SkyEngine\SkyEngine\src\Scene\Animation\Animation.h(36,31): warning C4244: '=': conversion from 'double' to 'int', possible loss of data
C:\Users\qduke\source\repos\SkyEngine\SkyEngine\src\Scene\Animation\Animation.h(60,44): warning C4244: 'return': conversion from 'int' to 'float', possible loss of data
C:\Users\qduke\source\repos\SkyEngine\SkyEngine\src\Scene\Animation\Animation.h(102,21): warning C4018: '<': signed/unsigned mismatch
C:\Users\qduke\source\repos\SkyEngine\SkyEngine\src\Main\engine.h(26,1): warning C4624: 'Engine': destructor was implicitly defined as deleted
  main.cpp
C:\Users\qduke\source\repos\SkyEngine\SkyEngine\Model.h(217,43): warning C4018: '<': signed/unsigned mismatch
C:\Users\qduke\source\repos\SkyEngine\SkyEngine\Light.h(73,78): warning C4305: 'initializing': truncation from 'double' to 'float'
C:\Users\qduke\source\repos\SkyEngine\SkyEngine\src\Scene\Animation\Bone.h(47,20): warning C4244: 'initializing': conversion from 'double' to 'float', possible loss of data
C:\Users\qduke\source\repos\SkyEngine\SkyEngine\src\Scene\Animation\Bone.h(58,20): warning C4244: 'initializing': conversion from 'double' to 'float', possible loss of data
C:\Users\qduke\source\repos\SkyEngine\SkyEngine\src\Scene\Animation\Bone.h(69,20): warning C4244: 'initializing': conversion from 'double' to 'float', possible loss of data
C:\Users\qduke\source\repos\SkyEngine\SkyEngine\src\Scene\Animation\Animation.h(35,25): warning C4244: '=': conversion from 'double' to 'float', possible loss of data
C:\Users\qduke\source\repos\SkyEngine\SkyEngine\src\Scene\Animation\Animation.h(36,31): warning C4244: '=': conversion from 'double' to 'int', possible loss of data
C:\Users\qduke\source\repos\SkyEngine\SkyEngine\src\Scene\Animation\Animation.h(60,44): warning C4244: 'return': conversion from 'int' to 'float', possible loss of data
C:\Users\qduke\source\repos\SkyEngine\SkyEngine\src\Scene\Animation\Animation.h(102,21): warning C4018: '<': signed/unsigned mismatch
C:\Users\qduke\source\repos\SkyEngine\SkyEngine\src\Main\Engine.h(26,1): warning C4624: 'Engine': destructor was implicitly defined as deleted
  GUI.cpp
C:\Users\qduke\source\repos\SkyEngine\SkyEngine\Model.h(217,43): warning C4018: '<': signed/unsigned mismatch
C:\Users\qduke\source\repos\SkyEngine\SkyEngine\Light.h(73,78): warning C4305: 'initializing': truncation from 'double' to 'float'
C:\Users\qduke\source\repos\SkyEngine\SkyEngine\src\Scene\Animation\Bone.h(47,20): warning C4244: 'initializing': conversion from 'double' to 'float', possible loss of data
C:\Users\qduke\source\repos\SkyEngine\SkyEngine\src\Scene\Animation\Bone.h(58,20): warning C4244: 'initializing': conversion from 'double' to 'float', possible loss of data
C:\Users\qduke\source\repos\SkyEngine\SkyEngine\src\Scene\Animation\Bone.h(69,20): warning C4244: 'initializing': conversion from 'double' to 'float', possible loss of data
C:\Users\qduke\source\repos\SkyEngine\SkyEngine\src\Scene\Animation\Animation.h(35,25): warning C4244: '=': conversion from 'double' to 'float', possible loss of data
C:\Users\qduke\source\repos\SkyEngine\SkyEngine\src\Scene\Animation\Animation.h(36,31): warning C4244: '=': conversion from 'double' to 'int', possible loss of data
C:\Users\qduke\source\repos\SkyEngine\SkyEngine\src\Scene\Animation\Animation.h(60,44): warning C4244: 'return': conversion from 'int' to 'float', possible loss of data
C:\Users\qduke\source\repos\SkyEngine\SkyEngine\src\Scene\Animation\Animation.h(102,21): warning C4018: '<': signed/unsigned mismatch
C:\Users\qduke\source\repos\SkyEngine\SkyEngine\src\Scene\GUI.cpp(368,41): warning C4267: '=': conversion from 'size_t' to 'int', possible loss of data
C:\Users\qduke\source\repos\SkyEngine\SkyEngine\src\Scene\GUI.cpp(423,36): warning C4267: '=': conversion from 'size_t' to 'int', possible loss of data
C:\Users\qduke\source\repos\SkyEngine\SkyEngine\src\Scene\GUI.cpp(439,36): warning C4267: '=': conversion from 'size_t' to 'int', possible loss of data
C:\Users\qduke\source\repos\SkyEngine\SkyEngine\src\Scene\GUI.cpp(457,36): warning C4267: '=': conversion from 'size_t' to 'int', possible loss of data
  Scene.cpp
C:\Users\qduke\source\repos\SkyEngine\SkyEngine\Model.h(217,43): warning C4018: '<': signed/unsigned mismatch
C:\Users\qduke\source\repos\SkyEngine\SkyEngine\Light.h(73,78): warning C4305: 'initializing': truncation from 'double' to 'float'
C:\Users\qduke\source\repos\SkyEngine\SkyEngine\src\Scene\Animation\Bone.h(47,20): warning C4244: 'initializing': conversion from 'double' to 'float', possible loss of data
C:\Users\qduke\source\repos\SkyEngine\SkyEngine\src\Scene\Animation\Bone.h(58,20): warning C4244: 'initializing': conversion from 'double' to 'float', possible loss of data
C:\Users\qduke\source\repos\SkyEngine\SkyEngine\src\Scene\Animation\Bone.h(69,20): warning C4244: 'initializing': conversion from 'double' to 'float', possible loss of data
C:\Users\qduke\source\repos\SkyEngine\SkyEngine\src\Scene\Animation\Animation.h(35,25): warning C4244: '=': conversion from 'double' to 'float', possible loss of data
C:\Users\qduke\source\repos\SkyEngine\SkyEngine\src\Scene\Animation\Animation.h(36,31): warning C4244: '=': conversion from 'double' to 'int', possible loss of data
C:\Users\qduke\source\repos\SkyEngine\SkyEngine\src\Scene\Animation\Animation.h(60,44): warning C4244: 'return': conversion from 'int' to 'float', possible loss of data
C:\Users\qduke\source\repos\SkyEngine\SkyEngine\src\Scene\Animation\Animation.h(102,21): warning C4018: '<': signed/unsigned mismatch
  whomp.cpp
C:\Users\qduke\source\repos\SkyEngine\SkyEngine\Model.h(217,43): warning C4018: '<': signed/unsigned mismatch
C:\Users\qduke\source\repos\SkyEngine\SkyEngine\Light.h(73,78): warning C4305: 'initializing': truncation from 'double' to 'float'
LINK : warning LNK4098: defaultlib 'MSVCRTD' conflicts with use of other libs; use /NODEFAULTLIB:library
  Generating code
C:\Users\qduke\source\repos\SkyEngine\SkyEngine\src\Scene\Animation\Bone.h(108): warning C4715: 'Bone::GetRotationIndex': not all control paths return a value
C:\Users\qduke\source\repos\SkyEngine\SkyEngine\src\Scene\Animation\Bone.h(98): warning C4715: 'Bone::GetPositionIndex': not all control paths return a value
C:\Users\qduke\source\repos\SkyEngine\SkyEngine\src\Scene\Animation\Bone.h(118): warning C4715: 'Bone::GetScaleIndex': not all control paths return a value
  1916 of 5948 functions (32.2%) were compiled, the rest were copied from previous compilation.
    215 functions were new in current compilation
    461 functions had inline decision re-evaluated but remain unchanged
  Finished generating code
glfw3.lib(input.obj) : warning LNK4099: PDB '' was not found with 'glfw3.lib(input.obj)' or at ''; linking object as if no debug info
glfw3.lib(window.obj) : warning LNK4099: PDB '' was not found with 'glfw3.lib(window.obj)' or at ''; linking object as if no debug info
glfw3.lib(monitor.obj) : warning LNK4099: PDB '' was not found with 'glfw3.lib(monitor.obj)' or at ''; linking object as if no debug info
glfw3.lib(init.obj) : warning LNK4099: PDB '' was not found with 'glfw3.lib(init.obj)' or at ''; linking object as if no debug info
glfw3.lib(win32_window.obj) : warning LNK4099: PDB '' was not found with 'glfw3.lib(win32_window.obj)' or at ''; linking object as if no debug info
glfw3.lib(context.obj) : warning LNK4099: PDB '' was not found with 'glfw3.lib(context.obj)' or at ''; linking object as if no debug info
glfw3.lib(win32_joystick.obj) : warning LNK4099: PDB '' was not found with 'glfw3.lib(win32_joystick.obj)' or at ''; linking object as if no debug info
glfw3.lib(win32_time.obj) : warning LNK4099: PDB '' was not found with 'glfw3.lib(win32_time.obj)' or at ''; linking object as if no debug info
glfw3.lib(win32_thread.obj) : warning LNK4099: PDB '' was not found with 'glfw3.lib(win32_thread.obj)' or at ''; linking object as if no debug info
glfw3.lib(win32_monitor.obj) : warning LNK4099: PDB '' was not found with 'glfw3.lib(win32_monitor.obj)' or at ''; linking object as if no debug info
glfw3.lib(win32_init.obj) : warning LNK4099: PDB '' was not found with 'glfw3.lib(win32_init.obj)' or at ''; linking object as if no debug info
glfw3.lib(vulkan.obj) : warning LNK4099: PDB '' was not found with 'glfw3.lib(vulkan.obj)' or at ''; linking object as if no debug info
glfw3.lib(wgl_context.obj) : warning LNK4099: PDB '' was not found with 'glfw3.lib(wgl_context.obj)' or at ''; linking object as if no debug info
glfw3.lib(egl_context.obj) : warning LNK4099: PDB '' was not found with 'glfw3.lib(egl_context.obj)' or at ''; linking object as if no debug info
glfw3.lib(osmesa_context.obj) : warning LNK4099: PDB '' was not found with 'glfw3.lib(osmesa_context.obj)' or at ''; linking object as if no debug info
  SkyEngine.vcxproj -> C:\Users\qduke\source\repos\SkyEngine\x64\Release\SkyEngine.exe
