C:\Program Files\Microsoft Visual Studio\2022\Community\MSBuild\Microsoft\VC\v170\Microsoft.CppBuild.targets(517,5): warning MSB8028: The intermediate directory (x64\Debug\) contains files shared from another project (SLeng.vcxproj).  This can lead to incorrect clean and rebuild behavior.
  main.cpp
C:\Users\qduke\source\repos\SkyEngine\SkyEngine\g_model.h(210,43): warning C4018: '<': signed/unsigned mismatch
C:\Users\qduke\source\repos\SkyEngine\SkyEngine\g_GUI.h(98,61): warning C4267: '=': conversion from 'size_t' to 'int', possible loss of data
C:\Users\qduke\source\repos\SkyEngine\SkyEngine\g_GUI.h(112,64): warning C4267: '=': conversion from 'size_t' to 'int', possible loss of data
C:\Users\qduke\source\repos\SkyEngine\SkyEngine\g_GUI.h(127,66): warning C4267: '=': conversion from 'size_t' to 'int', possible loss of data
C:\Users\qduke\source\repos\SkyEngine\SkyEngine\g_GUI.h(141,65): warning C4267: '=': conversion from 'size_t' to 'int', possible loss of data
C:\Users\qduke\source\repos\SkyEngine\SkyEngine\g_GUI.h(155,62): warning C4267: '=': conversion from 'size_t' to 'int', possible loss of data
C:\Users\qduke\source\repos\SkyEngine\SkyEngine\g_GUI.h(281,60): warning C4267: '=': conversion from 'size_t' to 'int', possible loss of data
C:\Users\qduke\source\repos\SkyEngine\SkyEngine\g_bone.h(47,20): warning C4244: 'initializing': conversion from 'double' to 'float', possible loss of data
C:\Users\qduke\source\repos\SkyEngine\SkyEngine\g_bone.h(58,20): warning C4244: 'initializing': conversion from 'double' to 'float', possible loss of data
C:\Users\qduke\source\repos\SkyEngine\SkyEngine\g_bone.h(69,20): warning C4244: 'initializing': conversion from 'double' to 'float', possible loss of data
C:\Users\qduke\source\repos\SkyEngine\SkyEngine\g_animation.h(35,25): warning C4244: '=': conversion from 'double' to 'float', possible loss of data
C:\Users\qduke\source\repos\SkyEngine\SkyEngine\g_animation.h(36,31): warning C4244: '=': conversion from 'double' to 'int', possible loss of data
C:\Users\qduke\source\repos\SkyEngine\SkyEngine\g_animation.h(60,44): warning C4244: 'return': conversion from 'int' to 'float', possible loss of data
C:\Users\qduke\source\repos\SkyEngine\SkyEngine\g_animation.h(102,21): warning C4018: '<': signed/unsigned mismatch
C:\Users\qduke\source\repos\SkyEngine\SkyEngine\glfw_setup.h(68): warning C4715: 'GLFWSetup': not all control paths return a value
C:\Users\qduke\source\repos\SkyEngine\SkyEngine\g_bone.h(98): warning C4715: 'Bone::GetPositionIndex': not all control paths return a value
C:\Users\qduke\source\repos\SkyEngine\SkyEngine\g_bone.h(108): warning C4715: 'Bone::GetRotationIndex': not all control paths return a value
C:\Users\qduke\source\repos\SkyEngine\SkyEngine\g_bone.h(118): warning C4715: 'Bone::GetScaleIndex': not all control paths return a value
  SkyEngine.vcxproj -> C:\Users\qduke\source\repos\SkyEngine\x64\Debug\SkyEngine.exe
