  bob-omb.cpp
C:\Users\qduke\source\repos\SLeng Backup\SLeng\g_model.h(203,43): warning C4018: '<': signed/unsigned mismatch
  enemy.cpp
C:\Users\qduke\source\repos\SLeng Backup\SLeng\g_model.h(203,43): warning C4018: '<': signed/unsigned mismatch
  game.cpp
  game_obj.cpp
C:\Users\qduke\source\repos\SLeng Backup\SLeng\g_model.h(203,43): warning C4018: '<': signed/unsigned mismatch
  goomba.cpp
C:\Users\qduke\source\repos\SLeng Backup\SLeng\g_model.h(203,43): warning C4018: '<': signed/unsigned mismatch
  g_collision.cpp
C:\Users\qduke\source\repos\SLeng Backup\SLeng\g_model.h(203,43): warning C4018: '<': signed/unsigned mismatch
  lvl.cpp
C:\Users\qduke\source\repos\SLeng Backup\SLeng\g_model.h(203,43): warning C4018: '<': signed/unsigned mismatch
  main.cpp
C:\Users\qduke\source\repos\SLeng Backup\SLeng\g_model.h(203,43): warning C4018: '<': signed/unsigned mismatch
C:\Users\qduke\source\repos\SLeng Backup\SLeng\g_GUI.h(86,61): warning C4267: '=': conversion from 'size_t' to 'int', possible loss of data
C:\Users\qduke\source\repos\SLeng Backup\SLeng\g_bone.h(47,20): warning C4244: 'initializing': conversion from 'double' to 'float', possible loss of data
C:\Users\qduke\source\repos\SLeng Backup\SLeng\g_bone.h(58,20): warning C4244: 'initializing': conversion from 'double' to 'float', possible loss of data
C:\Users\qduke\source\repos\SLeng Backup\SLeng\g_bone.h(69,20): warning C4244: 'initializing': conversion from 'double' to 'float', possible loss of data
C:\Users\qduke\source\repos\SLeng Backup\SLeng\g_animation.h(33,25): warning C4244: '=': conversion from 'double' to 'float', possible loss of data
C:\Users\qduke\source\repos\SLeng Backup\SLeng\g_animation.h(34,31): warning C4244: '=': conversion from 'double' to 'int', possible loss of data
C:\Users\qduke\source\repos\SLeng Backup\SLeng\g_animation.h(58,44): warning C4244: 'return': conversion from 'int' to 'float', possible loss of data
C:\Users\qduke\source\repos\SLeng Backup\SLeng\g_animation.h(100,21): warning C4018: '<': signed/unsigned mismatch
  player.cpp
C:\Users\qduke\source\repos\SLeng Backup\SLeng\g_model.h(203,43): warning C4018: '<': signed/unsigned mismatch
  stb_image.cpp
  whomp.cpp
C:\Users\qduke\source\repos\SLeng Backup\SLeng\g_model.h(203,43): warning C4018: '<': signed/unsigned mismatch
  Generating Code...
C:\Users\qduke\source\repos\SLeng Backup\SLeng\glfw_setup.h(63): warning C4715: 'GLFWSetup': not all control paths return a value
C:\Users\qduke\source\repos\SLeng Backup\SLeng\g_bone.h(98): warning C4715: 'Bone::GetPositionIndex': not all control paths return a value
C:\Users\qduke\source\repos\SLeng Backup\SLeng\g_bone.h(118): warning C4715: 'Bone::GetScaleIndex': not all control paths return a value
C:\Users\qduke\source\repos\SLeng Backup\SLeng\g_bone.h(108): warning C4715: 'Bone::GetRotationIndex': not all control paths return a value
  boss.c
  glad.c
  Generating Code...
glfw3.lib(init.obj) : warning LNK4099: PDB '' was not found with 'glfw3.lib(init.obj)' or at ''; linking object as if no debug info
glfw3.lib(monitor.obj) : warning LNK4099: PDB '' was not found with 'glfw3.lib(monitor.obj)' or at ''; linking object as if no debug info
glfw3.lib(window.obj) : warning LNK4099: PDB '' was not found with 'glfw3.lib(window.obj)' or at ''; linking object as if no debug info
glfw3.lib(input.obj) : warning LNK4099: PDB '' was not found with 'glfw3.lib(input.obj)' or at ''; linking object as if no debug info
glfw3.lib(win32_window.obj) : warning LNK4099: PDB '' was not found with 'glfw3.lib(win32_window.obj)' or at ''; linking object as if no debug info
glfw3.lib(context.obj) : warning LNK4099: PDB '' was not found with 'glfw3.lib(context.obj)' or at ''; linking object as if no debug info
glfw3.lib(win32_init.obj) : warning LNK4099: PDB '' was not found with 'glfw3.lib(win32_init.obj)' or at ''; linking object as if no debug info
glfw3.lib(win32_monitor.obj) : warning LNK4099: PDB '' was not found with 'glfw3.lib(win32_monitor.obj)' or at ''; linking object as if no debug info
glfw3.lib(win32_time.obj) : warning LNK4099: PDB '' was not found with 'glfw3.lib(win32_time.obj)' or at ''; linking object as if no debug info
glfw3.lib(win32_thread.obj) : warning LNK4099: PDB '' was not found with 'glfw3.lib(win32_thread.obj)' or at ''; linking object as if no debug info
glfw3.lib(vulkan.obj) : warning LNK4099: PDB '' was not found with 'glfw3.lib(vulkan.obj)' or at ''; linking object as if no debug info
glfw3.lib(win32_joystick.obj) : warning LNK4099: PDB '' was not found with 'glfw3.lib(win32_joystick.obj)' or at ''; linking object as if no debug info
glfw3.lib(wgl_context.obj) : warning LNK4099: PDB '' was not found with 'glfw3.lib(wgl_context.obj)' or at ''; linking object as if no debug info
glfw3.lib(egl_context.obj) : warning LNK4099: PDB '' was not found with 'glfw3.lib(egl_context.obj)' or at ''; linking object as if no debug info
glfw3.lib(osmesa_context.obj) : warning LNK4099: PDB '' was not found with 'glfw3.lib(osmesa_context.obj)' or at ''; linking object as if no debug info
  SLeng.vcxproj -> C:\Users\qduke\source\repos\SLeng Backup\x64\Debug\SLeng.exe
