c:\users\qduke\source\repos\sleng\sleng\x64\debug\vc143.pdb
c:\users\qduke\source\repos\sleng\sleng\x64\debug\vc143.idb
c:\users\qduke\source\repos\sleng\sleng\x64\debug\whomp.obj
c:\users\qduke\source\repos\sleng\sleng\x64\debug\stb_image.obj
c:\users\qduke\source\repos\sleng\sleng\x64\debug\player.obj
c:\users\qduke\source\repos\sleng\sleng\x64\debug\main.obj
c:\users\qduke\source\repos\sleng\sleng\x64\debug\lvl.obj
c:\users\qduke\source\repos\sleng\sleng\x64\debug\g_collision.obj
c:\users\qduke\source\repos\sleng\sleng\x64\debug\goomba.obj
c:\users\qduke\source\repos\sleng\sleng\x64\debug\game_obj.obj
c:\users\qduke\source\repos\sleng\sleng\x64\debug\game.obj
c:\users\qduke\source\repos\sleng\sleng\x64\debug\enemy.obj
c:\users\qduke\source\repos\sleng\sleng\x64\debug\bob-omb.obj
c:\users\qduke\source\repos\sleng\sleng\x64\debug\imgui_widgets.obj
c:\users\qduke\source\repos\sleng\sleng\x64\debug\imgui_tables.obj
c:\users\qduke\source\repos\sleng\sleng\x64\debug\imgui_impl_opengl3.obj
c:\users\qduke\source\repos\sleng\sleng\x64\debug\imgui_impl_glfw.obj
c:\users\qduke\source\repos\sleng\sleng\x64\debug\imgui_draw.obj
c:\users\qduke\source\repos\sleng\sleng\x64\debug\imgui_demo.obj
c:\users\qduke\source\repos\sleng\sleng\x64\debug\imgui.obj
c:\users\qduke\source\repos\sleng\sleng\x64\debug\glad.obj
c:\users\qduke\source\repos\sleng\sleng\x64\debug\boss.obj
c:\users\qduke\source\repos\sleng\x64\debug\sleng.pdb
c:\users\qduke\source\repos\sleng\sleng\x64\debug\sleng.tlog\cl.command.1.tlog
c:\users\qduke\source\repos\sleng\sleng\x64\debug\sleng.tlog\cl.read.1.tlog
c:\users\qduke\source\repos\sleng\sleng\x64\debug\sleng.tlog\cl.write.1.tlog
c:\users\qduke\source\repos\sleng\sleng\x64\debug\sleng.tlog\link-cvtres.read.1.tlog
c:\users\qduke\source\repos\sleng\sleng\x64\debug\sleng.tlog\link-cvtres.write.1.tlog
c:\users\qduke\source\repos\sleng\sleng\x64\debug\sleng.tlog\link-rc.read.1.tlog
c:\users\qduke\source\repos\sleng\sleng\x64\debug\sleng.tlog\link-rc.write.1.tlog
c:\users\qduke\source\repos\sleng\sleng\x64\debug\sleng.tlog\link.22672-cvtres.read.1.tlog
c:\users\qduke\source\repos\sleng\sleng\x64\debug\sleng.tlog\link.22672-cvtres.write.1.tlog
c:\users\qduke\source\repos\sleng\sleng\x64\debug\sleng.tlog\link.22672-rc.read.1.tlog
c:\users\qduke\source\repos\sleng\sleng\x64\debug\sleng.tlog\link.22672-rc.write.1.tlog
c:\users\qduke\source\repos\sleng\sleng\x64\debug\sleng.tlog\link.22672.read.1.tlog
c:\users\qduke\source\repos\sleng\sleng\x64\debug\sleng.tlog\link.22672.read.2.tlog
c:\users\qduke\source\repos\sleng\sleng\x64\debug\sleng.tlog\link.22672.write.1.tlog
c:\users\qduke\source\repos\sleng\sleng\x64\debug\sleng.tlog\link.command.1.tlog
c:\users\qduke\source\repos\sleng\sleng\x64\debug\sleng.tlog\link.read.1.tlog
c:\users\qduke\source\repos\sleng\sleng\x64\debug\sleng.tlog\link.read.2.tlog
c:\users\qduke\source\repos\sleng\sleng\x64\debug\sleng.tlog\link.read.3.tlog
c:\users\qduke\source\repos\sleng\sleng\x64\debug\sleng.tlog\link.write.1.tlog
